2018-07-02 10:07:28.389  INFO 5324 --- [main] c.b.o.s.SeriesServiceApplicationTests    : Starting SeriesServiceApplicationTests on jim_8-PC with PID 5324 (started by jim_8 in C:\workspace\otr-api-series-spring)
2018-07-02 10:07:28.392  INFO 5324 --- [main] c.b.o.s.SeriesServiceApplicationTests    : The following profiles are active: dev
2018-07-02 10:07:28.413  INFO 5324 --- [main] ConfigServletWebServerApplicationContext : Refreshing org.springframework.boot.web.servlet.context.AnnotationConfigServletWebServerApplicationContext@448c8166: startup date [Mon Jul 02 10:07:28 EDT 2018]; root of context hierarchy
2018-07-02 10:07:29.595  INFO 5324 --- [main] trationDelegate$BeanPostProcessorChecker : Bean 'org.springframework.transaction.annotation.ProxyTransactionManagementConfiguration' of type [org.springframework.transaction.annotation.ProxyTransactionManagementConfiguration$$EnhancerBySpringCGLIB$$c361dd8c] is not eligible for getting processed by all BeanPostProcessors (for example: not eligible for auto-proxying)
2018-07-02 10:07:30.034  INFO 5324 --- [main] o.s.b.w.embedded.tomcat.TomcatWebServer  : Tomcat initialized with port(s): 0 (http)
2018-07-02 10:07:30.055  INFO 5324 --- [main] o.apache.catalina.core.StandardService   : Starting service [Tomcat]
2018-07-02 10:07:30.055  INFO 5324 --- [main] org.apache.catalina.core.StandardEngine  : Starting Servlet Engine: Apache Tomcat/8.5.31
2018-07-02 10:07:30.062  INFO 5324 --- [localhost-startStop-1] o.a.catalina.core.AprLifecycleListener   : The APR based Apache Tomcat Native library which allows optimal performance in production environments was not found on the java.library.path: [C:\Program Files\Java\jdk1.8.0_92\jre\bin;C:\Windows\Sun\Java\bin;C:\Windows\system32;C:\Windows;C:/Program Files/Java/jdk1.8.0_92/bin/../jre/bin/server;C:/Program Files/Java/jdk1.8.0_92/bin/../jre/bin;C:/Program Files/Java/jdk1.8.0_92/bin/../jre/lib/amd64;C:\Program Files\Java\jdk1.8.0_92\bin;C:\Program Files\curl-7.60.0-win64-mingw\bin;C:\ProgramData\Oracle\Java\javapath;C:\Program Files (x86)\Intel\iCLS Client\;C:\Program Files\Intel\iCLS Client\;C:\Program Files\Common Files\Microsoft Shared\Windows Live;C:\Program Files (x86)\Common Files\Microsoft Shared\Windows Live;C:\Windows\system32;C:\Windows;C:\Windows\System32\Wbem;C:\Windows\System32\WindowsPowerShell\v1.0\;C:\Program Files (x86)\Windows Live\Shared;C:\Program Files (x86)\Intel\OpenCL SDK\3.0\bin\x86;C:\Program Files (x86)\Intel\OpenCL SDK\3.0\bin\x64;C:\Program Files\Intel\Intel(R) Management Engine Components\DAL;C:\Program Files\Intel\Intel(R) Management Engine Components\IPT;C:\Program Files (x86)\Intel\Intel(R) Management Engine Components\DAL;C:\Program Files (x86)\Intel\Intel(R) Management Engine Components\IPT;C:\Program Files (x86)\MySQL\MySQL Fabric 1.5.4 & MySQL Utilities 1.5.4 1.5\;C:\Program Files (x86)\MySQL\MySQL Fabric 1.5.4 & MySQL Utilities 1.5.4 1.5\Doctrine extensions for PHP\;C:\Program Files\nodejs\;C:\Users\jim_8\AppData\Roaming\npm;C:\Windows\system32;;.]
2018-07-02 10:07:30.143  INFO 5324 --- [localhost-startStop-1] o.a.c.c.C.[Tomcat].[localhost].[/]       : Initializing Spring embedded WebApplicationContext
2018-07-02 10:07:30.144  INFO 5324 --- [localhost-startStop-1] o.s.web.context.ContextLoader            : Root WebApplicationContext: initialization completed in 1731 ms
2018-07-02 10:07:30.519  INFO 5324 --- [localhost-startStop-1] com.zaxxer.hikari.HikariDataSource       : HikariPool-1 - Starting...
2018-07-02 10:07:30.732  INFO 5324 --- [localhost-startStop-1] com.zaxxer.hikari.HikariDataSource       : HikariPool-1 - Start completed.
2018-07-02 10:07:30.770  INFO 5324 --- [localhost-startStop-1] j.LocalContainerEntityManagerFactoryBean : Building JPA container EntityManagerFactory for persistence unit 'default'
2018-07-02 10:07:30.787  INFO 5324 --- [localhost-startStop-1] o.hibernate.jpa.internal.util.LogHelper  : HHH000204: Processing PersistenceUnitInfo [
	name: default
	...]
2018-07-02 10:07:30.871  INFO 5324 --- [localhost-startStop-1] org.hibernate.Version                    : HHH000412: Hibernate Core {5.2.17.Final}
2018-07-02 10:07:30.874  INFO 5324 --- [localhost-startStop-1] org.hibernate.cfg.Environment            : HHH000206: hibernate.properties not found
2018-07-02 10:07:30.920  INFO 5324 --- [localhost-startStop-1] o.hibernate.annotations.common.Version   : HCANN000001: Hibernate Commons Annotations {5.0.1.Final}
2018-07-02 10:07:31.081  INFO 5324 --- [localhost-startStop-1] org.hibernate.dialect.Dialect            : HHH000400: Using dialect: org.hibernate.dialect.MySQL5InnoDBDialect
2018-07-02 10:07:31.549  INFO 5324 --- [localhost-startStop-1] j.LocalContainerEntityManagerFactoryBean : Initialized JPA EntityManagerFactory for persistence unit 'default'
2018-07-02 10:07:31.976  INFO 5324 --- [localhost-startStop-1] o.s.b.w.servlet.ServletRegistrationBean  : Servlet dispatcherServlet mapped to [/]
2018-07-02 10:07:31.978  INFO 5324 --- [localhost-startStop-1] o.s.b.w.servlet.ServletRegistrationBean  : Servlet com.blastfurnace.otr.servlet.AudioPingServlet mapped to [/ping]
2018-07-02 10:07:31.979  INFO 5324 --- [localhost-startStop-1] o.s.b.w.servlet.ServletRegistrationBean  : Servlet com.blastfurnace.otr.servlet.LogServlet mapped to [/log]
2018-07-02 10:07:31.982  INFO 5324 --- [localhost-startStop-1] o.s.b.w.servlet.FilterRegistrationBean   : Mapping filter: 'characterEncodingFilter' to: [/*]
2018-07-02 10:07:31.982  INFO 5324 --- [localhost-startStop-1] o.s.b.w.servlet.FilterRegistrationBean   : Mapping filter: 'hiddenHttpMethodFilter' to: [/*]
2018-07-02 10:07:31.982  INFO 5324 --- [localhost-startStop-1] o.s.b.w.servlet.FilterRegistrationBean   : Mapping filter: 'httpPutFormContentFilter' to: [/*]
2018-07-02 10:07:31.983  INFO 5324 --- [localhost-startStop-1] o.s.b.w.servlet.FilterRegistrationBean   : Mapping filter: 'requestContextFilter' to: [/*]
2018-07-02 10:07:31.983  INFO 5324 --- [localhost-startStop-1] o.s.b.w.servlet.FilterRegistrationBean   : Mapping filter: 'httpTraceFilter' to: [/*]
2018-07-02 10:07:31.983  INFO 5324 --- [localhost-startStop-1] o.s.b.w.servlet.FilterRegistrationBean   : Mapping filter: 'webMvcMetricsFilter' to: [/*]
2018-07-02 10:07:32.127  INFO 5324 --- [main] o.s.w.s.handler.SimpleUrlHandlerMapping  : Mapped URL path [/**/favicon.ico] onto handler of type [class org.springframework.web.servlet.resource.ResourceHttpRequestHandler]
2018-07-02 10:07:32.464  INFO 5324 --- [main] s.w.s.m.m.a.RequestMappingHandlerAdapter : Looking for @ControllerAdvice: org.springframework.boot.web.servlet.context.AnnotationConfigServletWebServerApplicationContext@448c8166: startup date [Mon Jul 02 10:07:28 EDT 2018]; root of context hierarchy
2018-07-02 10:07:32.509  WARN 5324 --- [main] aWebConfiguration$JpaWebMvcConfiguration : spring.jpa.open-in-view is enabled by default. Therefore, database queries may be performed during view rendering. Explicitly configure spring.jpa.open-in-view to disable this warning
2018-07-02 10:07:32.546  INFO 5324 --- [main] s.w.s.m.m.a.RequestMappingHandlerMapping : Mapped "{[/rest/series/get/{id:[\d]+}],methods=[GET]}" onto public org.springframework.http.ResponseEntity<com.blastfurnace.otr.service.response.GenericResponse<com.blastfurnace.otr.data.series.service.model.SeriesDataWrapper>> com.blastfurnace.otr.series.rest.SeriesDataRestController.get(long)
2018-07-02 10:07:32.547  INFO 5324 --- [main] s.w.s.m.m.a.RequestMappingHandlerMapping : Mapped "{[/rest/series/delete/{id:[\d]+}],methods=[DELETE]}" onto public org.springframework.http.ResponseEntity<com.blastfurnace.otr.service.response.GenericResponse<java.lang.String>> com.blastfurnace.otr.series.rest.SeriesDataRestController.delete(long)
2018-07-02 10:07:32.548  INFO 5324 --- [main] s.w.s.m.m.a.RequestMappingHandlerMapping : Mapped "{[/rest/series],methods=[POST]}" onto public org.springframework.http.ResponseEntity<com.blastfurnace.otr.service.response.GenericResponse<com.blastfurnace.otr.data.series.service.model.SeriesDataWrapper>> com.blastfurnace.otr.series.rest.SeriesDataRestController.save(com.blastfurnace.otr.data.series.service.model.SeriesDataWrapper)
2018-07-02 10:07:32.549  INFO 5324 --- [main] s.w.s.m.m.a.RequestMappingHandlerMapping : Mapped "{[/rest/series],methods=[GET]}" onto public org.springframework.http.ResponseEntity<java.util.List<com.blastfurnace.otr.service.response.GenericResponse<java.util.List<java.util.Map<java.lang.String, java.lang.Object>>>>> com.blastfurnace.otr.series.rest.SeriesDataRestController.query(java.util.Map<java.lang.String, java.lang.String>)
2018-07-02 10:07:32.549  INFO 5324 --- [main] s.w.s.m.m.a.RequestMappingHandlerMapping : Mapped "{[/rest/series/resultsCount],methods=[GET]}" onto public org.springframework.http.ResponseEntity<com.blastfurnace.otr.service.response.GenericResponse<java.lang.Long>> com.blastfurnace.otr.series.rest.SeriesDataRestController.getResultsCount(java.util.Map<java.lang.String, java.lang.String>)
2018-07-02 10:07:32.551  INFO 5324 --- [main] s.w.s.m.m.a.RequestMappingHandlerMapping : Mapped "{[/error]}" onto public org.springframework.http.ResponseEntity<java.util.Map<java.lang.String, java.lang.Object>> org.springframework.boot.autoconfigure.web.servlet.error.BasicErrorController.error(javax.servlet.http.HttpServletRequest)
2018-07-02 10:07:32.552  INFO 5324 --- [main] s.w.s.m.m.a.RequestMappingHandlerMapping : Mapped "{[/error],produces=[text/html]}" onto public org.springframework.web.servlet.ModelAndView org.springframework.boot.autoconfigure.web.servlet.error.BasicErrorController.errorHtml(javax.servlet.http.HttpServletRequest,javax.servlet.http.HttpServletResponse)
2018-07-02 10:07:32.589  INFO 5324 --- [main] o.s.w.s.handler.SimpleUrlHandlerMapping  : Mapped URL path [/webjars/**] onto handler of type [class org.springframework.web.servlet.resource.ResourceHttpRequestHandler]
2018-07-02 10:07:32.590  INFO 5324 --- [main] o.s.w.s.handler.SimpleUrlHandlerMapping  : Mapped URL path [/**] onto handler of type [class org.springframework.web.servlet.resource.ResourceHttpRequestHandler]
2018-07-02 10:07:33.457  INFO 5324 --- [main] ConfigServletWebServerApplicationContext : Refreshing org.springframework.boot.web.servlet.context.AnnotationConfigServletWebServerApplicationContext@3d19d85: startup date [Mon Jul 02 10:07:33 EDT 2018]; parent: org.springframework.boot.web.servlet.context.AnnotationConfigServletWebServerApplicationContext@448c8166
2018-07-02 10:07:33.495  INFO 5324 --- [main] o.s.b.f.s.DefaultListableBeanFactory     : Overriding bean definition for bean 'handlerExceptionResolver' with a different definition: replacing [Root bean: class [null]; scope=; abstract=false; lazyInit=false; autowireMode=3; dependencyCheck=0; autowireCandidate=true; primary=false; factoryBeanName=org.springframework.web.servlet.config.annotation.DelegatingWebMvcConfiguration; factoryMethodName=handlerExceptionResolver; initMethodName=null; destroyMethodName=(inferred); defined in class path resource [org/springframework/web/servlet/config/annotation/DelegatingWebMvcConfiguration.class]] with [Root bean: class [null]; scope=; abstract=false; lazyInit=false; autowireMode=3; dependencyCheck=0; autowireCandidate=true; primary=false; factoryBeanName=org.springframework.boot.actuate.autoconfigure.web.servlet.WebMvcEndpointChildContextConfiguration; factoryMethodName=compositeHandlerExceptionResolver; initMethodName=null; destroyMethodName=(inferred); defined in class path resource [org/springframework/boot/actuate/autoconfigure/web/servlet/WebMvcEndpointChildContextConfiguration.class]]
2018-07-02 10:07:33.542  INFO 5324 --- [main] o.s.b.w.embedded.tomcat.TomcatWebServer  : Tomcat initialized with port(s): 9001 (http)
2018-07-02 10:07:33.544  INFO 5324 --- [main] o.apache.catalina.core.StandardService   : Starting service [Tomcat]
2018-07-02 10:07:33.544  INFO 5324 --- [main] org.apache.catalina.core.StandardEngine  : Starting Servlet Engine: Apache Tomcat/8.5.31
2018-07-02 10:07:33.554  INFO 5324 --- [localhost-startStop-1] o.a.c.c.C.[Tomcat-1].[localhost].[/]     : Initializing Spring embedded WebApplicationContext
2018-07-02 10:07:33.554  INFO 5324 --- [localhost-startStop-1] o.s.web.context.ContextLoader            : Root WebApplicationContext: initialization completed in 97 ms
2018-07-02 10:07:33.578  INFO 5324 --- [localhost-startStop-1] o.s.b.w.servlet.ServletRegistrationBean  : Servlet dispatcherServlet mapped to [/]
2018-07-02 10:07:33.597  INFO 5324 --- [main] o.s.b.a.e.web.EndpointLinksResolver      : Exposing 2 endpoint(s) beneath base path '/actuator'
2018-07-02 10:07:33.607  INFO 5324 --- [main] s.b.a.e.w.s.WebMvcEndpointHandlerMapping : Mapped "{[/actuator/health],methods=[GET],produces=[application/vnd.spring-boot.actuator.v2+json || application/json]}" onto public java.lang.Object org.springframework.boot.actuate.endpoint.web.servlet.AbstractWebMvcEndpointHandlerMapping$OperationHandler.handle(javax.servlet.http.HttpServletRequest,java.util.Map<java.lang.String, java.lang.String>)
2018-07-02 10:07:33.608  INFO 5324 --- [main] s.b.a.e.w.s.WebMvcEndpointHandlerMapping : Mapped "{[/actuator/info],methods=[GET],produces=[application/vnd.spring-boot.actuator.v2+json || application/json]}" onto public java.lang.Object org.springframework.boot.actuate.endpoint.web.servlet.AbstractWebMvcEndpointHandlerMapping$OperationHandler.handle(javax.servlet.http.HttpServletRequest,java.util.Map<java.lang.String, java.lang.String>)
2018-07-02 10:07:33.608  INFO 5324 --- [main] s.b.a.e.w.s.WebMvcEndpointHandlerMapping : Mapped "{[/actuator],methods=[GET],produces=[application/vnd.spring-boot.actuator.v2+json || application/json]}" onto protected java.util.Map<java.lang.String, java.util.Map<java.lang.String, org.springframework.boot.actuate.endpoint.web.Link>> org.springframework.boot.actuate.endpoint.web.servlet.WebMvcEndpointHandlerMapping.links(javax.servlet.http.HttpServletRequest,javax.servlet.http.HttpServletResponse)
2018-07-02 10:07:33.632  INFO 5324 --- [main] s.w.s.m.m.a.RequestMappingHandlerMapping : Mapped "{[/error]}" onto public java.util.Map<java.lang.String, java.lang.Object> org.springframework.boot.actuate.autoconfigure.web.servlet.ManagementErrorEndpoint.invoke(org.springframework.web.context.request.ServletWebRequest)
2018-07-02 10:07:33.637  INFO 5324 --- [main] o.s.w.s.handler.SimpleUrlHandlerMapping  : Mapped URL path [/webjars/**] onto handler of type [class org.springframework.web.servlet.resource.ResourceHttpRequestHandler]
2018-07-02 10:07:33.637  INFO 5324 --- [main] o.s.w.s.handler.SimpleUrlHandlerMapping  : Mapped URL path [/**] onto handler of type [class org.springframework.web.servlet.resource.ResourceHttpRequestHandler]
2018-07-02 10:07:33.650  INFO 5324 --- [main] s.w.s.m.m.a.RequestMappingHandlerAdapter : Looking for @ControllerAdvice: org.springframework.boot.web.servlet.context.AnnotationConfigServletWebServerApplicationContext@3d19d85: startup date [Mon Jul 02 10:07:33 EDT 2018]; parent: org.springframework.boot.web.servlet.context.AnnotationConfigServletWebServerApplicationContext@448c8166
2018-07-02 10:07:33.711  INFO 5324 --- [main] o.s.b.w.embedded.tomcat.TomcatWebServer  : Tomcat started on port(s): 9001 (http) with context path ''
2018-07-02 10:07:33.730  INFO 5324 --- [main] o.s.b.w.embedded.tomcat.TomcatWebServer  : Tomcat started on port(s): 51833 (http) with context path ''
2018-07-02 10:07:33.732  INFO 5324 --- [main] c.b.o.s.SeriesServiceApplicationTests    : Started SeriesServiceApplicationTests in 5.598 seconds (JVM running for 6.212)
2018-07-02 10:07:33.892  INFO 5324 --- [http-nio-127.0.0.1-9001-exec-1] o.a.c.c.C.[Tomcat-1].[localhost].[/]     : Initializing Spring FrameworkServlet 'dispatcherServlet'
2018-07-02 10:07:33.893  INFO 5324 --- [http-nio-127.0.0.1-9001-exec-1] o.s.web.servlet.DispatcherServlet        : FrameworkServlet 'dispatcherServlet': initialization started
2018-07-02 10:07:33.906  INFO 5324 --- [http-nio-127.0.0.1-9001-exec-1] o.s.web.servlet.DispatcherServlet        : FrameworkServlet 'dispatcherServlet': initialization completed in 13 ms
2018-07-02 10:07:34.043  INFO 5324 --- [http-nio-auto-1-exec-1] o.a.c.c.C.[Tomcat].[localhost].[/]       : Initializing Spring FrameworkServlet 'dispatcherServlet'
2018-07-02 10:07:34.043  INFO 5324 --- [http-nio-auto-1-exec-1] o.s.web.servlet.DispatcherServlet        : FrameworkServlet 'dispatcherServlet': initialization started
2018-07-02 10:07:34.051  INFO 5324 --- [http-nio-auto-1-exec-1] o.s.web.servlet.DispatcherServlet        : FrameworkServlet 'dispatcherServlet': initialization completed in 8 ms
2018-07-02 10:07:34.180  INFO 5324 --- [Thread-6] ConfigServletWebServerApplicationContext : Closing org.springframework.boot.web.servlet.context.AnnotationConfigServletWebServerApplicationContext@448c8166: startup date [Mon Jul 02 10:07:28 EDT 2018]; root of context hierarchy
2018-07-02 10:07:34.181  INFO 5324 --- [Thread-6] ConfigServletWebServerApplicationContext : Closing org.springframework.boot.web.servlet.context.AnnotationConfigServletWebServerApplicationContext@3d19d85: startup date [Mon Jul 02 10:07:33 EDT 2018]; parent: org.springframework.boot.web.servlet.context.AnnotationConfigServletWebServerApplicationContext@448c8166
2018-07-02 10:07:34.250  INFO 5324 --- [Thread-6] j.LocalContainerEntityManagerFactoryBean : Closing JPA EntityManagerFactory for persistence unit 'default'
2018-07-02 10:07:34.251  INFO 5324 --- [Thread-6] com.zaxxer.hikari.HikariDataSource       : HikariPool-1 - Shutdown initiated...
2018-07-02 10:07:34.254  INFO 5324 --- [Thread-6] com.zaxxer.hikari.HikariDataSource       : HikariPool-1 - Shutdown completed.
2018-07-02 10:09:30.881  INFO 4772 --- [main] c.b.o.s.SeriesServiceApplicationTests    : Starting SeriesServiceApplicationTests on jim_8-PC with PID 4772 (started by jim_8 in C:\workspace\otr-api-series-spring)
2018-07-02 10:09:30.881  INFO 4772 --- [main] c.b.o.s.SeriesServiceApplicationTests    : The following profiles are active: dev
2018-07-02 10:09:30.896  INFO 4772 --- [main] ConfigServletWebServerApplicationContext : Refreshing org.springframework.boot.web.servlet.context.AnnotationConfigServletWebServerApplicationContext@448c8166: startup date [Mon Jul 02 10:09:30 EDT 2018]; root of context hierarchy
2018-07-02 10:09:32.010  INFO 4772 --- [main] trationDelegate$BeanPostProcessorChecker : Bean 'org.springframework.transaction.annotation.ProxyTransactionManagementConfiguration' of type [org.springframework.transaction.annotation.ProxyTransactionManagementConfiguration$$EnhancerBySpringCGLIB$$57f0804d] is not eligible for getting processed by all BeanPostProcessors (for example: not eligible for auto-proxying)
2018-07-02 10:09:32.416  INFO 4772 --- [main] o.s.b.w.embedded.tomcat.TomcatWebServer  : Tomcat initialized with port(s): 0 (http)
2018-07-02 10:09:32.437  INFO 4772 --- [main] o.apache.catalina.core.StandardService   : Starting service [Tomcat]
2018-07-02 10:09:32.438  INFO 4772 --- [main] org.apache.catalina.core.StandardEngine  : Starting Servlet Engine: Apache Tomcat/8.5.31
2018-07-02 10:09:32.447  INFO 4772 --- [localhost-startStop-1] o.a.catalina.core.AprLifecycleListener   : The APR based Apache Tomcat Native library which allows optimal performance in production environments was not found on the java.library.path: [C:\Program Files\Java\jdk1.8.0_92\jre\bin;C:\Windows\Sun\Java\bin;C:\Windows\system32;C:\Windows;C:/Program Files/Java/jdk1.8.0_92/bin/../jre/bin/server;C:/Program Files/Java/jdk1.8.0_92/bin/../jre/bin;C:/Program Files/Java/jdk1.8.0_92/bin/../jre/lib/amd64;C:\Program Files\Java\jdk1.8.0_92\bin;C:\Program Files\curl-7.60.0-win64-mingw\bin;C:\ProgramData\Oracle\Java\javapath;C:\Program Files (x86)\Intel\iCLS Client\;C:\Program Files\Intel\iCLS Client\;C:\Program Files\Common Files\Microsoft Shared\Windows Live;C:\Program Files (x86)\Common Files\Microsoft Shared\Windows Live;C:\Windows\system32;C:\Windows;C:\Windows\System32\Wbem;C:\Windows\System32\WindowsPowerShell\v1.0\;C:\Program Files (x86)\Windows Live\Shared;C:\Program Files (x86)\Intel\OpenCL SDK\3.0\bin\x86;C:\Program Files (x86)\Intel\OpenCL SDK\3.0\bin\x64;C:\Program Files\Intel\Intel(R) Management Engine Components\DAL;C:\Program Files\Intel\Intel(R) Management Engine Components\IPT;C:\Program Files (x86)\Intel\Intel(R) Management Engine Components\DAL;C:\Program Files (x86)\Intel\Intel(R) Management Engine Components\IPT;C:\Program Files (x86)\MySQL\MySQL Fabric 1.5.4 & MySQL Utilities 1.5.4 1.5\;C:\Program Files (x86)\MySQL\MySQL Fabric 1.5.4 & MySQL Utilities 1.5.4 1.5\Doctrine extensions for PHP\;C:\Program Files\nodejs\;C:\Users\jim_8\AppData\Roaming\npm;C:\Windows\system32;;.]
2018-07-02 10:09:32.531  INFO 4772 --- [localhost-startStop-1] o.a.c.c.C.[Tomcat].[localhost].[/]       : Initializing Spring embedded WebApplicationContext
2018-07-02 10:09:32.531  INFO 4772 --- [localhost-startStop-1] o.s.web.context.ContextLoader            : Root WebApplicationContext: initialization completed in 1635 ms
2018-07-02 10:09:32.897  INFO 4772 --- [localhost-startStop-1] com.zaxxer.hikari.HikariDataSource       : HikariPool-1 - Starting...
2018-07-02 10:09:33.093  INFO 4772 --- [localhost-startStop-1] com.zaxxer.hikari.HikariDataSource       : HikariPool-1 - Start completed.
2018-07-02 10:09:33.138  INFO 4772 --- [localhost-startStop-1] j.LocalContainerEntityManagerFactoryBean : Building JPA container EntityManagerFactory for persistence unit 'default'
2018-07-02 10:09:33.153  INFO 4772 --- [localhost-startStop-1] o.hibernate.jpa.internal.util.LogHelper  : HHH000204: Processing PersistenceUnitInfo [
	name: default
	...]
2018-07-02 10:09:33.232  INFO 4772 --- [localhost-startStop-1] org.hibernate.Version                    : HHH000412: Hibernate Core {5.2.17.Final}
2018-07-02 10:09:33.233  INFO 4772 --- [localhost-startStop-1] org.hibernate.cfg.Environment            : HHH000206: hibernate.properties not found
2018-07-02 10:09:33.271  INFO 4772 --- [localhost-startStop-1] o.hibernate.annotations.common.Version   : HCANN000001: Hibernate Commons Annotations {5.0.1.Final}
2018-07-02 10:09:33.410  INFO 4772 --- [localhost-startStop-1] org.hibernate.dialect.Dialect            : HHH000400: Using dialect: org.hibernate.dialect.MySQL5InnoDBDialect
2018-07-02 10:09:33.890  INFO 4772 --- [localhost-startStop-1] j.LocalContainerEntityManagerFactoryBean : Initialized JPA EntityManagerFactory for persistence unit 'default'
2018-07-02 10:09:34.300  INFO 4772 --- [localhost-startStop-1] o.s.b.w.servlet.ServletRegistrationBean  : Servlet dispatcherServlet mapped to [/]
2018-07-02 10:09:34.302  INFO 4772 --- [localhost-startStop-1] o.s.b.w.servlet.ServletRegistrationBean  : Servlet com.blastfurnace.otr.servlet.AudioPingServlet mapped to [/ping]
2018-07-02 10:09:34.303  INFO 4772 --- [localhost-startStop-1] o.s.b.w.servlet.ServletRegistrationBean  : Servlet com.blastfurnace.otr.servlet.LogServlet mapped to [/log]
2018-07-02 10:09:34.305  INFO 4772 --- [localhost-startStop-1] o.s.b.w.servlet.FilterRegistrationBean   : Mapping filter: 'characterEncodingFilter' to: [/*]
2018-07-02 10:09:34.306  INFO 4772 --- [localhost-startStop-1] o.s.b.w.servlet.FilterRegistrationBean   : Mapping filter: 'hiddenHttpMethodFilter' to: [/*]
2018-07-02 10:09:34.306  INFO 4772 --- [localhost-startStop-1] o.s.b.w.servlet.FilterRegistrationBean   : Mapping filter: 'httpPutFormContentFilter' to: [/*]
2018-07-02 10:09:34.306  INFO 4772 --- [localhost-startStop-1] o.s.b.w.servlet.FilterRegistrationBean   : Mapping filter: 'requestContextFilter' to: [/*]
2018-07-02 10:09:34.307  INFO 4772 --- [localhost-startStop-1] o.s.b.w.servlet.FilterRegistrationBean   : Mapping filter: 'httpTraceFilter' to: [/*]
2018-07-02 10:09:34.307  INFO 4772 --- [localhost-startStop-1] o.s.b.w.servlet.FilterRegistrationBean   : Mapping filter: 'webMvcMetricsFilter' to: [/*]
2018-07-02 10:09:34.435  INFO 4772 --- [main] o.s.w.s.handler.SimpleUrlHandlerMapping  : Mapped URL path [/**/favicon.ico] onto handler of type [class org.springframework.web.servlet.resource.ResourceHttpRequestHandler]
2018-07-02 10:09:34.680  INFO 4772 --- [main] s.w.s.m.m.a.RequestMappingHandlerAdapter : Looking for @ControllerAdvice: org.springframework.boot.web.servlet.context.AnnotationConfigServletWebServerApplicationContext@448c8166: startup date [Mon Jul 02 10:09:30 EDT 2018]; root of context hierarchy
2018-07-02 10:09:34.715  WARN 4772 --- [main] aWebConfiguration$JpaWebMvcConfiguration : spring.jpa.open-in-view is enabled by default. Therefore, database queries may be performed during view rendering. Explicitly configure spring.jpa.open-in-view to disable this warning
2018-07-02 10:09:34.744  INFO 4772 --- [main] s.w.s.m.m.a.RequestMappingHandlerMapping : Mapped "{[/rest/series/get/{id:[\d]+}],methods=[GET]}" onto public org.springframework.http.ResponseEntity<com.blastfurnace.otr.service.response.GenericResponse<com.blastfurnace.otr.data.series.service.model.SeriesDataWrapper>> com.blastfurnace.otr.series.rest.SeriesDataRestController.get(long)
2018-07-02 10:09:34.745  INFO 4772 --- [main] s.w.s.m.m.a.RequestMappingHandlerMapping : Mapped "{[/rest/series/delete/{id:[\d]+}],methods=[DELETE]}" onto public org.springframework.http.ResponseEntity<com.blastfurnace.otr.service.response.GenericResponse<java.lang.String>> com.blastfurnace.otr.series.rest.SeriesDataRestController.delete(long)
2018-07-02 10:09:34.745  INFO 4772 --- [main] s.w.s.m.m.a.RequestMappingHandlerMapping : Mapped "{[/rest/series],methods=[POST]}" onto public org.springframework.http.ResponseEntity<com.blastfurnace.otr.service.response.GenericResponse<com.blastfurnace.otr.data.series.service.model.SeriesDataWrapper>> com.blastfurnace.otr.series.rest.SeriesDataRestController.save(com.blastfurnace.otr.data.series.service.model.SeriesDataWrapper)
2018-07-02 10:09:34.746  INFO 4772 --- [main] s.w.s.m.m.a.RequestMappingHandlerMapping : Mapped "{[/rest/series],methods=[GET]}" onto public org.springframework.http.ResponseEntity<java.util.List<com.blastfurnace.otr.service.response.GenericResponse<java.util.List<java.util.Map<java.lang.String, java.lang.Object>>>>> com.blastfurnace.otr.series.rest.SeriesDataRestController.query(java.util.Map<java.lang.String, java.lang.String>)
2018-07-02 10:09:34.746  INFO 4772 --- [main] s.w.s.m.m.a.RequestMappingHandlerMapping : Mapped "{[/rest/series/resultsCount],methods=[GET]}" onto public org.springframework.http.ResponseEntity<com.blastfurnace.otr.service.response.GenericResponse<java.lang.Long>> com.blastfurnace.otr.series.rest.SeriesDataRestController.getResultsCount(java.util.Map<java.lang.String, java.lang.String>)
2018-07-02 10:09:34.748  INFO 4772 --- [main] s.w.s.m.m.a.RequestMappingHandlerMapping : Mapped "{[/error]}" onto public org.springframework.http.ResponseEntity<java.util.Map<java.lang.String, java.lang.Object>> org.springframework.boot.autoconfigure.web.servlet.error.BasicErrorController.error(javax.servlet.http.HttpServletRequest)
2018-07-02 10:09:34.748  INFO 4772 --- [main] s.w.s.m.m.a.RequestMappingHandlerMapping : Mapped "{[/error],produces=[text/html]}" onto public org.springframework.web.servlet.ModelAndView org.springframework.boot.autoconfigure.web.servlet.error.BasicErrorController.errorHtml(javax.servlet.http.HttpServletRequest,javax.servlet.http.HttpServletResponse)
2018-07-02 10:09:34.772  INFO 4772 --- [main] o.s.w.s.handler.SimpleUrlHandlerMapping  : Mapped URL path [/webjars/**] onto handler of type [class org.springframework.web.servlet.resource.ResourceHttpRequestHandler]
2018-07-02 10:09:34.772  INFO 4772 --- [main] o.s.w.s.handler.SimpleUrlHandlerMapping  : Mapped URL path [/**] onto handler of type [class org.springframework.web.servlet.resource.ResourceHttpRequestHandler]
2018-07-02 10:09:35.415  INFO 4772 --- [main] ConfigServletWebServerApplicationContext : Refreshing org.springframework.boot.web.servlet.context.AnnotationConfigServletWebServerApplicationContext@6ed043d3: startup date [Mon Jul 02 10:09:35 EDT 2018]; parent: org.springframework.boot.web.servlet.context.AnnotationConfigServletWebServerApplicationContext@448c8166
2018-07-02 10:09:35.450  INFO 4772 --- [main] o.s.b.f.s.DefaultListableBeanFactory     : Overriding bean definition for bean 'handlerExceptionResolver' with a different definition: replacing [Root bean: class [null]; scope=; abstract=false; lazyInit=false; autowireMode=3; dependencyCheck=0; autowireCandidate=true; primary=false; factoryBeanName=org.springframework.web.servlet.config.annotation.DelegatingWebMvcConfiguration; factoryMethodName=handlerExceptionResolver; initMethodName=null; destroyMethodName=(inferred); defined in class path resource [org/springframework/web/servlet/config/annotation/DelegatingWebMvcConfiguration.class]] with [Root bean: class [null]; scope=; abstract=false; lazyInit=false; autowireMode=3; dependencyCheck=0; autowireCandidate=true; primary=false; factoryBeanName=org.springframework.boot.actuate.autoconfigure.web.servlet.WebMvcEndpointChildContextConfiguration; factoryMethodName=compositeHandlerExceptionResolver; initMethodName=null; destroyMethodName=(inferred); defined in class path resource [org/springframework/boot/actuate/autoconfigure/web/servlet/WebMvcEndpointChildContextConfiguration.class]]
2018-07-02 10:09:35.484  INFO 4772 --- [main] o.s.b.w.embedded.tomcat.TomcatWebServer  : Tomcat initialized with port(s): 9001 (http)
2018-07-02 10:09:35.485  INFO 4772 --- [main] o.apache.catalina.core.StandardService   : Starting service [Tomcat]
2018-07-02 10:09:35.485  INFO 4772 --- [main] org.apache.catalina.core.StandardEngine  : Starting Servlet Engine: Apache Tomcat/8.5.31
2018-07-02 10:09:35.493  INFO 4772 --- [localhost-startStop-1] o.a.c.c.C.[Tomcat-1].[localhost].[/]     : Initializing Spring embedded WebApplicationContext
2018-07-02 10:09:35.493  INFO 4772 --- [localhost-startStop-1] o.s.web.context.ContextLoader            : Root WebApplicationContext: initialization completed in 78 ms
2018-07-02 10:09:35.515  INFO 4772 --- [localhost-startStop-1] o.s.b.w.servlet.ServletRegistrationBean  : Servlet dispatcherServlet mapped to [/]
2018-07-02 10:09:35.534  INFO 4772 --- [main] o.s.b.a.e.web.EndpointLinksResolver      : Exposing 2 endpoint(s) beneath base path '/actuator'
2018-07-02 10:09:35.545  INFO 4772 --- [main] s.b.a.e.w.s.WebMvcEndpointHandlerMapping : Mapped "{[/actuator/health],methods=[GET],produces=[application/vnd.spring-boot.actuator.v2+json || application/json]}" onto public java.lang.Object org.springframework.boot.actuate.endpoint.web.servlet.AbstractWebMvcEndpointHandlerMapping$OperationHandler.handle(javax.servlet.http.HttpServletRequest,java.util.Map<java.lang.String, java.lang.String>)
2018-07-02 10:09:35.546  INFO 4772 --- [main] s.b.a.e.w.s.WebMvcEndpointHandlerMapping : Mapped "{[/actuator/info],methods=[GET],produces=[application/vnd.spring-boot.actuator.v2+json || application/json]}" onto public java.lang.Object org.springframework.boot.actuate.endpoint.web.servlet.AbstractWebMvcEndpointHandlerMapping$OperationHandler.handle(javax.servlet.http.HttpServletRequest,java.util.Map<java.lang.String, java.lang.String>)
2018-07-02 10:09:35.547  INFO 4772 --- [main] s.b.a.e.w.s.WebMvcEndpointHandlerMapping : Mapped "{[/actuator],methods=[GET],produces=[application/vnd.spring-boot.actuator.v2+json || application/json]}" onto protected java.util.Map<java.lang.String, java.util.Map<java.lang.String, org.springframework.boot.actuate.endpoint.web.Link>> org.springframework.boot.actuate.endpoint.web.servlet.WebMvcEndpointHandlerMapping.links(javax.servlet.http.HttpServletRequest,javax.servlet.http.HttpServletResponse)
2018-07-02 10:09:35.585  INFO 4772 --- [main] s.w.s.m.m.a.RequestMappingHandlerMapping : Mapped "{[/error]}" onto public java.util.Map<java.lang.String, java.lang.Object> org.springframework.boot.actuate.autoconfigure.web.servlet.ManagementErrorEndpoint.invoke(org.springframework.web.context.request.ServletWebRequest)
2018-07-02 10:09:35.593  INFO 4772 --- [main] o.s.w.s.handler.SimpleUrlHandlerMapping  : Mapped URL path [/webjars/**] onto handler of type [class org.springframework.web.servlet.resource.ResourceHttpRequestHandler]
2018-07-02 10:09:35.594  INFO 4772 --- [main] o.s.w.s.handler.SimpleUrlHandlerMapping  : Mapped URL path [/**] onto handler of type [class org.springframework.web.servlet.resource.ResourceHttpRequestHandler]
2018-07-02 10:09:35.615  INFO 4772 --- [main] s.w.s.m.m.a.RequestMappingHandlerAdapter : Looking for @ControllerAdvice: org.springframework.boot.web.servlet.context.AnnotationConfigServletWebServerApplicationContext@6ed043d3: startup date [Mon Jul 02 10:09:35 EDT 2018]; parent: org.springframework.boot.web.servlet.context.AnnotationConfigServletWebServerApplicationContext@448c8166
2018-07-02 10:09:35.673  INFO 4772 --- [main] o.s.b.w.embedded.tomcat.TomcatWebServer  : Tomcat started on port(s): 9001 (http) with context path ''
2018-07-02 10:09:35.689  INFO 4772 --- [main] o.s.b.w.embedded.tomcat.TomcatWebServer  : Tomcat started on port(s): 51858 (http) with context path ''
2018-07-02 10:09:35.691  INFO 4772 --- [main] c.b.o.s.SeriesServiceApplicationTests    : Started SeriesServiceApplicationTests in 5.047 seconds (JVM running for 5.657)
2018-07-02 10:09:35.843  INFO 4772 --- [http-nio-127.0.0.1-9001-exec-1] o.a.c.c.C.[Tomcat-1].[localhost].[/]     : Initializing Spring FrameworkServlet 'dispatcherServlet'
2018-07-02 10:09:35.843  INFO 4772 --- [http-nio-127.0.0.1-9001-exec-1] o.s.web.servlet.DispatcherServlet        : FrameworkServlet 'dispatcherServlet': initialization started
2018-07-02 10:09:35.855  INFO 4772 --- [http-nio-127.0.0.1-9001-exec-1] o.s.web.servlet.DispatcherServlet        : FrameworkServlet 'dispatcherServlet': initialization completed in 12 ms
2018-07-02 10:09:35.967  INFO 4772 --- [http-nio-auto-1-exec-1] o.a.c.c.C.[Tomcat].[localhost].[/]       : Initializing Spring FrameworkServlet 'dispatcherServlet'
2018-07-02 10:09:35.968  INFO 4772 --- [http-nio-auto-1-exec-1] o.s.web.servlet.DispatcherServlet        : FrameworkServlet 'dispatcherServlet': initialization started
2018-07-02 10:09:35.974  INFO 4772 --- [http-nio-auto-1-exec-1] o.s.web.servlet.DispatcherServlet        : FrameworkServlet 'dispatcherServlet': initialization completed in 6 ms
2018-07-02 10:09:36.013 DEBUG 4772 --- [http-nio-auto-1-exec-1] org.hibernate.SQL                        : select series0_.id as id1_0_0_, series0_.broadcast_over as broadcas2_0_0_, series0_.country as country3_0_0_, series0_.episode_count as episode_4_0_0_, series0_.genre as genre5_0_0_, series0_.goldin_page_ref as goldin_p6_0_0_, series0_.indexed as indexed7_0_0_, series0_.jerry_page_ref as jerry_pa8_0_0_, series0_.last_update as last_upd9_0_0_, series0_.log_file as log_fil10_0_0_, series0_.program_length as program11_0_0_, series0_.run_dates as run_dat12_0_0_, series0_.salmonson_page_ref as salmons13_0_0_, series0_.search_title as search_14_0_0_, series0_.title as title15_0_0_ from series series0_ where series0_.id=?
2018-07-02 10:09:36.140  INFO 4772 --- [http-nio-auto-1-exec-1] o.h.h.i.QueryTranslatorFactoryInitiator  : HHH000397: Using ASTQueryTranslatorFactory
2018-07-02 10:09:36.232 DEBUG 4772 --- [http-nio-auto-1-exec-1] org.hibernate.SQL                        : select seriessumm0_.id as id1_2_, seriessumm0_.series_id as series_i2_2_, seriessumm0_.summary as summary3_2_ from series_summary seriessumm0_ where seriessumm0_.series_id=?
2018-07-02 10:09:36.286 DEBUG 4772 --- [http-nio-auto-1-exec-1] org.hibernate.SQL                        : select seriesalia0_.id as id1_1_, seriesalia0_.alias as alias2_1_, seriesalia0_.series_id as series_i3_1_ from series_alias seriesalia0_ where seriesalia0_.series_id=?
2018-07-02 10:09:36.363 DEBUG 4772 --- [http-nio-auto-1-exec-2] org.hibernate.SQL                        : select series0_.id as id1_0_0_, series0_.broadcast_over as broadcas2_0_0_, series0_.country as country3_0_0_, series0_.episode_count as episode_4_0_0_, series0_.genre as genre5_0_0_, series0_.goldin_page_ref as goldin_p6_0_0_, series0_.indexed as indexed7_0_0_, series0_.jerry_page_ref as jerry_pa8_0_0_, series0_.last_update as last_upd9_0_0_, series0_.log_file as log_fil10_0_0_, series0_.program_length as program11_0_0_, series0_.run_dates as run_dat12_0_0_, series0_.salmonson_page_ref as salmons13_0_0_, series0_.search_title as search_14_0_0_, series0_.title as title15_0_0_ from series series0_ where series0_.id=?
2018-07-02 10:09:36.366 DEBUG 4772 --- [http-nio-auto-1-exec-2] org.hibernate.SQL                        : select seriessumm0_.id as id1_2_, seriessumm0_.series_id as series_i2_2_, seriessumm0_.summary as summary3_2_ from series_summary seriessumm0_ where seriessumm0_.series_id=?
2018-07-02 10:09:36.368 DEBUG 4772 --- [http-nio-auto-1-exec-2] org.hibernate.SQL                        : select seriesalia0_.id as id1_1_, seriesalia0_.alias as alias2_1_, seriesalia0_.series_id as series_i3_1_ from series_alias seriesalia0_ where seriesalia0_.series_id=?
2018-07-02 10:09:36.402 DEBUG 4772 --- [http-nio-auto-1-exec-3] org.hibernate.SQL                        : select series0_.id as id1_0_0_, series0_.broadcast_over as broadcas2_0_0_, series0_.country as country3_0_0_, series0_.episode_count as episode_4_0_0_, series0_.genre as genre5_0_0_, series0_.goldin_page_ref as goldin_p6_0_0_, series0_.indexed as indexed7_0_0_, series0_.jerry_page_ref as jerry_pa8_0_0_, series0_.last_update as last_upd9_0_0_, series0_.log_file as log_fil10_0_0_, series0_.program_length as program11_0_0_, series0_.run_dates as run_dat12_0_0_, series0_.salmonson_page_ref as salmons13_0_0_, series0_.search_title as search_14_0_0_, series0_.title as title15_0_0_ from series series0_ where series0_.id=?
2018-07-02 10:09:36.405 DEBUG 4772 --- [http-nio-auto-1-exec-3] org.hibernate.SQL                        : select seriessumm0_.id as id1_2_, seriessumm0_.series_id as series_i2_2_, seriessumm0_.summary as summary3_2_ from series_summary seriessumm0_ where seriessumm0_.series_id=?
2018-07-02 10:09:36.409 DEBUG 4772 --- [http-nio-auto-1-exec-3] org.hibernate.SQL                        : select seriesalia0_.id as id1_1_, seriesalia0_.alias as alias2_1_, seriesalia0_.series_id as series_i3_1_ from series_alias seriesalia0_ where seriesalia0_.series_id=?
2018-07-02 10:09:36.451  INFO 4772 --- [Thread-6] ConfigServletWebServerApplicationContext : Closing org.springframework.boot.web.servlet.context.AnnotationConfigServletWebServerApplicationContext@448c8166: startup date [Mon Jul 02 10:09:30 EDT 2018]; root of context hierarchy
2018-07-02 10:09:36.452  INFO 4772 --- [Thread-6] ConfigServletWebServerApplicationContext : Closing org.springframework.boot.web.servlet.context.AnnotationConfigServletWebServerApplicationContext@6ed043d3: startup date [Mon Jul 02 10:09:35 EDT 2018]; parent: org.springframework.boot.web.servlet.context.AnnotationConfigServletWebServerApplicationContext@448c8166
2018-07-02 10:09:36.518  INFO 4772 --- [Thread-6] j.LocalContainerEntityManagerFactoryBean : Closing JPA EntityManagerFactory for persistence unit 'default'
2018-07-02 10:09:36.519  INFO 4772 --- [Thread-6] com.zaxxer.hikari.HikariDataSource       : HikariPool-1 - Shutdown initiated...
2018-07-02 10:09:36.522  INFO 4772 --- [Thread-6] com.zaxxer.hikari.HikariDataSource       : HikariPool-1 - Shutdown completed.
